[::1]:63298 - - [29/Oct/2020:17:15:11 +0530] "POST /api/v1/flows/15/unload HTTP/1.1" 200 28 89 89 - [::1]:63298 localhost:7357 - -
[::1]:63298 - - [29/Oct/2020:17:15:16 +0530] "GET /api/v1/flows HTTP/1.1" 200 38 0 0 - [::1]:63298 localhost:7357 - -
[::1]:63298 - - [29/Oct/2020:17:15:22 +0530] "GET /api/v1/objects/23 HTTP/1.1" 200 355 87 87 - [::1]:63298 localhost:7357 - -
[::1]:63298 - - [29/Oct/2020:17:15:28 +0530] "POST /api/v1/whiteboard HTTP/1.1" 200 3 81 81 - [::1]:63298 localhost:7357 - -
[::1]:63298 - - [29/Oct/2020:17:15:32 +0530] "POST /api/v1/whiteboard HTTP/1.1" 200 3 89 89 - [::1]:63298 localhost:7357 - -
[::1]:63298 - - [29/Oct/2020:17:16:05 +0530] "POST /api/v1/whiteboard HTTP/1.1" 200 287 123 123 - [::1]:63298 localhost:7357 - -
[::1]:63298 - - [29/Oct/2020:17:16:17 +0530] "POST /api/v1/whiteboard HTTP/1.1" 200 3 124 124 - [::1]:63298 localhost:7357 - -
[::1]:63298 - - [29/Oct/2020:17:16:20 +0530] "POST /api/v1/whiteboard HTTP/1.1" 200 3 137 137 - [::1]:63298 localhost:7357 - -
[::1]:63332 - - [29/Oct/2020:17:17:35 +0530] "POST /api/v1/whiteboard HTTP/1.1" 200 3 130 130 - [::1]:63332 localhost:7357 - -
[::1]:63332 - - [29/Oct/2020:17:17:38 +0530] "POST /api/v1/whiteboard HTTP/1.1" 200 3 158 158 - [::1]:63332 localhost:7357 - -
[::1]:63355 - - [29/Oct/2020:17:18:31 +0530] "POST /api/v1/whiteboard HTTP/1.1" 200 3 142 142 - [::1]:63355 localhost:7357 - -
[::1]:63355 - - [29/Oct/2020:17:19:11 +0530] "POST /api/v1/flows/15/load HTTP/1.1" 200 38 96 96 - [::1]:63355 localhost:7357 - -
[::1]:63355 - - [29/Oct/2020:17:19:17 +0530] "GET /api/v1/objects HTTP/1.1" 200 357 0 0 - [::1]:63355 localhost:7357 - -
[::1]:63355 - - [29/Oct/2020:17:19:26 +0530] "POST /api/v1/whiteboard HTTP/1.1" 200 3 109 109 - [::1]:63355 localhost:7357 - -
[::1]:63355 - - [29/Oct/2020:17:19:28 +0530] "POST /api/v1/whiteboard HTTP/1.1" 200 3 108 108 - [::1]:63355 localhost:7357 - -
[::1]:63355 - - [29/Oct/2020:17:19:34 +0530] "POST /api/v1/whiteboard HTTP/1.1" 200 3 103 103 - [::1]:63355 localhost:7357 - -
[::1]:63355 - - [29/Oct/2020:17:21:24 +0530] "POST /api/v1/whiteboard HTTP/1.1" 200 3 109 109 - [::1]:63355 localhost:7357 - -
[::1]:63355 - - [29/Oct/2020:17:21:26 +0530] "POST /api/v1/whiteboard HTTP/1.1" 200 3 107 107 - [::1]:63355 localhost:7357 - -
[::1]:63355 - - [29/Oct/2020:17:21:28 +0530] "POST /api/v1/whiteboard HTTP/1.1" 200 3 106 106 - [::1]:63355 localhost:7357 - -
[::1]:54998 - - [25/Jan/2021:12:29:43 +0530] "POST /api/v1/flows/17/load HTTP/1.1" 200 38 77 77 - [::1]:54998 localhost:7357 - -
[::1]:62309 - - [12/May/2023:16:47:05 +0530] "POST /api/v1/apis HTTP/1.1" 200 5938 1 1 - [::1]:62309 localhost:7357 - -
[::1]:62309 - - [12/May/2023:16:47:16 +0530] "GET /api/v1/apis/1 HTTP/1.1" 200 198 0 0 - [::1]:62309 localhost:7357 - -
[::1]:62309 - - [12/May/2023:16:50:12 +0530] "GET /api/v1/apis/1 HTTP/1.1" 200 198 10977 10977 - [::1]:62309 localhost:7357 - -
[::1]:62309 - - [12/May/2023:16:52:16 +0530] "GET /api/v1/apis/1 HTTP/1.1" 200 198 9943 9943 - [::1]:62309 localhost:7357 - -
[::1]:62309 - - [12/May/2023:16:53:22 +0530] "GET /api/v1/apis/1 HTTP/1.1" 200 198 6329 6329 - [::1]:62309 localhost:7357 - -
[::1]:62309 - - [18/May/2023:14:41:19 +0530] "GET /api/v1/apis/1 HTTP/1.1" 200 198 7156272 7156272 - [::1]:62309 localhost:7357 - -
[::1]:50349 - - [18/May/2023:14:41:57 +0530] "POST /api/v1/apis HTTP/1.1" 200 5938 2 2 - [::1]:50349 localhost:7357 - -
[::1]:50349 - - [18/May/2023:14:43:09 +0530] "GET /api/v1/apis/2 HTTP/1.1" 200 198 6377 6377 - [::1]:50349 localhost:7357 - -
[::1]:50607 - - [18/May/2023:15:04:11 +0530] "GET /api/v1/apis/1 HTTP/1.1" 200 5938 0 0 - [::1]:50607 localhost:7357 - -
[::1]:50607 - - [18/May/2023:15:04:52 +0530] "POST /api/v1/whiteboard HTTP/1.1" 200 322 0 0 - [::1]:50607 localhost:7357 - -
[::1]:50630 - - [18/May/2023:15:05:28 +0530] "POST /api/v1/whiteboard HTTP/1.1" 200 322 0 0 - [::1]:50630 localhost:7357 - -
[::1]:50630 - - [18/May/2023:15:07:48 +0530] "POST /api/v1/whiteboard HTTP/1.1" 200 322 4142 4142 - [::1]:50630 localhost:7357 - -
[::1]:50630 - - [18/May/2023:15:08:03 +0530] "POST /api/v1/objects HTTP/1.1" 200 1237 0 0 - [::1]:50630 localhost:7357 - -
[::1]:50630 - - [18/May/2023:15:08:12 +0530] "POST /api/v1/whiteboard HTTP/1.1" 200 10 189 189 - [::1]:50630 localhost:7357 - -
[::1]:50630 - - [18/May/2023:15:08:33 +0530] "GET /api/v1/objects/1 HTTP/1.1" 200 187 0 0 - [::1]:50630 localhost:7357 - -
[::1]:50683 - - [18/May/2023:15:10:40 +0530] "GET /api/v1/objects/1 HTTP/1.1" 200 1237 0 0 - [::1]:50683 localhost:7357 - -
[::1]:50683 - - [18/May/2023:15:10:57 +0530] "POST /api/v1/whiteboard HTTP/1.1" 200 15 307 307 - [::1]:50683 localhost:7357 - -
[::1]:50683 - - [18/May/2023:15:11:50 +0530] "POST /api/v1/apis HTTP/1.1" 200 5938 1 1 - [::1]:50683 localhost:7357 - -
[::1]:50707 - - [18/May/2023:15:13:23 +0530] "POST /api/v1/apis HTTP/1.1" 200 208 0 0 - [::1]:50707 localhost:7357 - -
[::1]:50707 - - [18/May/2023:15:13:52 +0530] "GET /api/v1/apis/1 HTTP/1.1" 200 5938 872 872 - [::1]:50707 localhost:7357 - -
[::1]:50707 - - [18/May/2023:15:14:03 +0530] "GET /mock/KISSHT/banks HTTP/1.1" 404 -1 0 0 - [::1]:50707 localhost:7357 - -
[::1]:50707 - - [18/May/2023:15:14:45 +0530] "GET /api/v1/KISSHT/banks HTTP/1.1" 404 -1 0 0 - [::1]:50707 localhost:7357 - -
[::1]:50742 - - [18/May/2023:15:15:21 +0530] "GET /api/v1/mock/KISSHT/banks HTTP/1.1" 200 5164 760 760 - [::1]:50742 localhost:7357 - -
[::1]:50742 - - [18/May/2023:15:16:35 +0530] "POST /api/v1/objects/1/enable HTTP/1.1" 200 28 0 0 - [::1]:50742 localhost:7357 - -
[::1]:50742 - - [18/May/2023:15:16:39 +0530] "POST /api/v1/objects/1/disable HTTP/1.1" 200 28 0 0 - [::1]:50742 localhost:7357 - -
[::1]:50792 - - [18/May/2023:15:21:31 +0530] "GET /api/v1/objects HTTP/1.1" 200 38 0 0 - [::1]:50792 localhost:7357 - -
[::1]:50792 - - [18/May/2023:15:21:37 +0530] "GET /api/v1/objects/1 HTTP/1.1" 200 28 0 0 - [::1]:50792 localhost:7357 - -
[::1]:50792 - - [18/May/2023:15:21:52 +0530] "POST /api/v1/objects/1/enable HTTP/1.1" 200 28 0 0 - [::1]:50792 localhost:7357 - -
[::1]:50792 - - [18/May/2023:15:21:56 +0530] "GET /api/v1/objects/1 HTTP/1.1" 200 1237 0 0 - [::1]:50792 localhost:7357 - -
[::1]:50792 - - [18/May/2023:15:21:59 +0530] "GET /api/v1/objects HTTP/1.1" 200 38 0 0 - [::1]:50792 localhost:7357 - -
[::1]:50792 - - [18/May/2023:15:31:18 +0530] "GET /api/v1/apis/1 HTTP/1.1" 200 242 451 451 - [::1]:50792 localhost:7357 - -
[::1]:50792 - - [18/May/2023:15:31:41 +0530] "GET /api/v1/apis/2 HTTP/1.1" 404 0 0 0 - [::1]:50792 localhost:7357 - -
[::1]:50792 - - [18/May/2023:15:31:44 +0530] "GET /api/v1/apis/3 HTTP/1.1" 200 284 0 0 - [::1]:50792 localhost:7357 - -
[::1]:50792 - - [18/May/2023:15:33:22 +0530] "GET /api/v1/apis/5 HTTP/1.1" 200 242 0 0 - [::1]:50792 localhost:7357 - -
[::1]:50792 - - [18/May/2023:15:43:20 +0530] "GET /api/v1/apis/5 HTTP/1.1" 200 1443 0 0 - [::1]:50792 localhost:7357 - -
[::1]:50792 - - [18/May/2023:15:43:24 +0530] "GET /api/v1/apis/1 HTTP/1.1" 200 251 0 0 - [::1]:50792 localhost:7357 - -
[::1]:50792 - - [18/May/2023:15:43:37 +0530] "GET /api/v1/flows/1 HTTP/1.1" 200 245 0 0 - [::1]:50792 localhost:7357 - -
[::1]:50792 - - [18/May/2023:15:46:10 +0530] "GET /api/v1/flows/1 HTTP/1.1" 200 838 0 0 - [::1]:50792 localhost:7357 - -
[::1]:50792 - - [18/May/2023:15:47:03 +0530] "POST /api/v1/flows/1/load HTTP/1.1" 200 37 0 0 - [::1]:50792 localhost:7357 - -
[::1]:50792 - - [18/May/2023:15:47:09 +0530] "GET /api/v1/flows/1 HTTP/1.1" 200 838 0 0 - [::1]:50792 localhost:7357 - -
[::1]:51322 - - [18/May/2023:16:23:51 +0530] "GET /api/v1/flows/1 HTTP/1.1" 200 832 0 0 - [::1]:51322 localhost:7357 - -
